[26.11.2022 18:13:10 ] [INFO] [model] [enter_cont: 13] => The user has selected item number 2
[26.11.2022 18:13:39 ] [INFO] [model] [enter_cont: 15] => User entered: {id}
[26.11.2022 18:13:46 ] [INFO] [model] [enter_cont: 17] => User entered: {first_name}
[26.11.2022 18:13:51 ] [INFO] [model] [enter_cont: 19] => User entered: {last_name}
[26.11.2022 18:13:55 ] [INFO] [model] [enter_cont: 21] => User entered: {phone}
[26.11.2022 18:14:09 ] [INFO] [model] [enter_cont: 23] => User entered: {birthday}
[26.11.2022 18:14:17 ] [INFO] [model] [enter_cont: 25] => User entered: {work}
[26.11.2022 18:14:17 ] [INFO] [model] [enter_cont: 30] => User added an employee: {phone_book}
[26.11.2022 18:14:32 ] [INFO] [model] [show_dict: 6] => The user has selected item number 1
[26.11.2022 18:14:32 ] [INFO] [model] [show_dict: 8] => User looked at the data of all employees
[26.11.2022 18:18:46 ] [INFO] [model] [enter_cont: 14] => The user has selected item number 2
[26.11.2022 18:18:57 ] [INFO] [model] [enter_cont: 16] => User entered: {id}
[26.11.2022 18:19:07 ] [INFO] [model] [enter_cont: 18] => User entered: {first_name}
[26.11.2022 18:19:12 ] [INFO] [model] [enter_cont: 20] => User entered: {last_name}
[26.11.2022 18:19:16 ] [INFO] [model] [enter_cont: 22] => User entered: {phone}
[26.11.2022 18:19:26 ] [INFO] [model] [enter_cont: 24] => User entered: {birthday}
[26.11.2022 18:19:33 ] [INFO] [model] [enter_cont: 26] => User entered: {work}
[26.11.2022 18:19:33 ] [INFO] [model] [enter_cont: 31] => User added an employee: {phone_book}
[26.11.2022 18:19:37 ] [INFO] [model] [show_dict: 7] => The user has selected item number 1
[26.11.2022 18:19:37 ] [INFO] [model] [show_dict: 9] => User looked at the data of all employees
[26.11.2022 18:23:16 ] [INFO] [model] [del_cont: 117] => The user has selected item number 5
[26.11.2022 18:23:22 ] [INFO] [model] [del_cont: 121] => User deleted: {str}
[26.11.2022 22:11:28 ] [INFO] [model] [enter_cont: 13] => The user has selected item number 2
[26.11.2022 22:56:47 ] [INFO] [model] [enter_cont: 13] => The user has selected item number 2
[26.11.2022 22:57:00 ] [INFO] [model] [enter_cont: 15] => User entered: {id}
[26.11.2022 22:57:11 ] [INFO] [model] [enter_cont: 17] => User entered: {first_name}
[26.11.2022 22:57:19 ] [INFO] [model] [enter_cont: 19] => User entered: {last_name}
[26.11.2022 22:57:36 ] [INFO] [model] [enter_cont: 21] => User entered: {phone}
[26.11.2022 22:57:36 ] [INFO] [model] [enter_cont: 23] => User entered: {birthday}
[26.11.2022 22:57:37 ] [INFO] [model] [enter_cont: 25] => User entered: {work}
[26.11.2022 22:57:37 ] [INFO] [model] [enter_cont: 30] => User added an employee: {phone_book}
[26.11.2022 22:57:41 ] [INFO] [model] [show_dict: 6] => The user has selected item number 1
[26.11.2022 22:57:41 ] [INFO] [model] [show_dict: 8] => User looked at the data of all employees
[26.11.2022 22:58:04 ] [INFO] [model] [find_cont: 34] => The user has selected item number 3
[26.11.2022 22:58:07 ] [INFO] [model] [find_cont: 36] => User entered: {value}
[26.11.2022 22:58:07 ] [INFO] [model] [find_cont: 42] => User looked at the employees data
[26.11.2022 22:58:07 ] [INFO] [model] [find_cont: 42] => User looked at the employees data
[26.11.2022 22:58:07 ] [INFO] [model] [find_cont: 42] => User looked at the employees data
[26.11.2022 22:58:07 ] [INFO] [model] [find_cont: 42] => User looked at the employees data
[26.11.2022 22:58:07 ] [INFO] [model] [find_cont: 42] => User looked at the employees data
[26.11.2022 22:58:07 ] [INFO] [model] [find_cont: 42] => User looked at the employees data
[26.11.2022 22:58:07 ] [INFO] [model] [find_cont: 42] => User looked at the employees data
[26.11.2022 22:58:07 ] [INFO] [model] [find_cont: 42] => User looked at the employees data
[26.11.2022 23:01:29 ] [INFO] [model] [show_dict: 6] => The user has selected item number 1
[26.11.2022 23:01:29 ] [INFO] [model] [show_dict: 8] => User looked at the data of all employees
[26.11.2022 23:01:44 ] [INFO] [model] [enter_cont: 13] => The user has selected item number 2
[26.11.2022 23:01:45 ] [INFO] [model] [enter_cont: 15] => User entered: {id}
[26.11.2022 23:01:49 ] [INFO] [model] [enter_cont: 17] => User entered: {first_name}
[26.11.2022 23:01:53 ] [INFO] [model] [enter_cont: 19] => User entered: {last_name}
[26.11.2022 23:02:01 ] [INFO] [model] [enter_cont: 21] => User entered: {phone}
[26.11.2022 23:02:10 ] [INFO] [model] [enter_cont: 23] => User entered: {birthday}
[26.11.2022 23:02:16 ] [INFO] [model] [enter_cont: 25] => User entered: {work}
[26.11.2022 23:02:16 ] [INFO] [model] [enter_cont: 30] => User added an employee: {phone_book}
[26.11.2022 23:02:21 ] [INFO] [model] [enter_cont: 13] => The user has selected item number 2
[26.11.2022 23:02:23 ] [INFO] [model] [enter_cont: 15] => User entered: {id}
[26.11.2022 23:02:29 ] [INFO] [model] [enter_cont: 17] => User entered: {first_name}
[26.11.2022 23:02:34 ] [INFO] [model] [enter_cont: 19] => User entered: {last_name}
[26.11.2022 23:02:39 ] [INFO] [model] [enter_cont: 21] => User entered: {phone}
[26.11.2022 23:02:50 ] [INFO] [model] [enter_cont: 23] => User entered: {birthday}
[26.11.2022 23:02:58 ] [INFO] [model] [enter_cont: 25] => User entered: {work}
[26.11.2022 23:02:58 ] [INFO] [model] [enter_cont: 30] => User added an employee: {phone_book}
[26.11.2022 23:03:16 ] [INFO] [model] [show_dict: 6] => The user has selected item number 1
[26.11.2022 23:03:16 ] [INFO] [model] [show_dict: 8] => User looked at the data of all employees
[26.11.2022 23:03:22 ] [INFO] [model] [enter_cont: 13] => The user has selected item number 2
[26.11.2022 23:03:33 ] [INFO] [model] [enter_cont: 15] => User entered: {id}
[26.11.2022 23:03:36 ] [INFO] [model] [enter_cont: 17] => User entered: {first_name}
[26.11.2022 23:03:41 ] [INFO] [model] [enter_cont: 19] => User entered: {last_name}
[26.11.2022 23:03:45 ] [INFO] [model] [enter_cont: 21] => User entered: {phone}
[26.11.2022 23:03:55 ] [INFO] [model] [enter_cont: 23] => User entered: {birthday}
[26.11.2022 23:04:01 ] [INFO] [model] [enter_cont: 25] => User entered: {work}
[26.11.2022 23:04:01 ] [INFO] [model] [enter_cont: 30] => User added an employee: {phone_book}
[26.11.2022 23:04:09 ] [INFO] [model] [enter_cont: 13] => The user has selected item number 2
[26.11.2022 23:04:14 ] [INFO] [model] [enter_cont: 15] => User entered: {id}
[26.11.2022 23:04:36 ] [INFO] [model] [enter_cont: 17] => User entered: {first_name}
[26.11.2022 23:04:42 ] [INFO] [model] [enter_cont: 19] => User entered: {last_name}
[26.11.2022 23:04:49 ] [INFO] [model] [enter_cont: 21] => User entered: {phone}
[26.11.2022 23:05:38 ] [INFO] [model] [enter_cont: 23] => User entered: {birthday}
[26.11.2022 23:06:13 ] [INFO] [model] [enter_cont: 25] => User entered: {work}
[26.11.2022 23:06:13 ] [INFO] [model] [enter_cont: 30] => User added an employee: {phone_book}
[26.11.2022 23:06:25 ] [INFO] [model] [show_dict: 6] => The user has selected item number 1
[26.11.2022 23:06:25 ] [INFO] [model] [show_dict: 8] => User looked at the data of all employees
[26.11.2022 23:17:32 ] [INFO] [model] [enter_cont: 13] => The user has selected item number 2
[26.11.2022 23:17:33 ] [INFO] [model] [enter_cont: 15] => User entered: {id}
[26.11.2022 23:17:37 ] [INFO] [model] [enter_cont: 17] => User entered: {first_name}
[26.11.2022 23:17:39 ] [INFO] [model] [enter_cont: 19] => User entered: {last_name}
[26.11.2022 23:17:41 ] [INFO] [model] [enter_cont: 21] => User entered: {phone}
[26.11.2022 23:17:48 ] [INFO] [model] [enter_cont: 23] => User entered: {birthday}
[26.11.2022 23:17:52 ] [INFO] [model] [enter_cont: 25] => User entered: {work}
[26.11.2022 23:17:52 ] [INFO] [model] [enter_cont: 30] => User added an employee: {phone_book}
[26.11.2022 23:17:56 ] [INFO] [model] [enter_cont: 13] => The user has selected item number 2
[26.11.2022 23:18:00 ] [INFO] [model] [enter_cont: 15] => User entered: {id}
[26.11.2022 23:18:04 ] [INFO] [model] [enter_cont: 17] => User entered: {first_name}
[26.11.2022 23:18:06 ] [INFO] [model] [enter_cont: 19] => User entered: {last_name}
[26.11.2022 23:18:11 ] [INFO] [model] [enter_cont: 21] => User entered: {phone}
[26.11.2022 23:18:20 ] [INFO] [model] [enter_cont: 23] => User entered: {birthday}
[26.11.2022 23:18:25 ] [INFO] [model] [enter_cont: 25] => User entered: {work}
[26.11.2022 23:18:25 ] [INFO] [model] [enter_cont: 30] => User added an employee: {phone_book}
[26.11.2022 23:18:31 ] [INFO] [model] [enter_cont: 13] => The user has selected item number 2
[26.11.2022 23:18:59 ] [INFO] [model] [enter_cont: 15] => User entered: {id}
[26.11.2022 23:19:01 ] [INFO] [model] [enter_cont: 17] => User entered: {first_name}
[26.11.2022 23:19:04 ] [INFO] [model] [enter_cont: 19] => User entered: {last_name}
[26.11.2022 23:19:06 ] [INFO] [model] [enter_cont: 21] => User entered: {phone}
[26.11.2022 23:19:14 ] [INFO] [model] [enter_cont: 23] => User entered: {birthday}
[26.11.2022 23:19:20 ] [INFO] [model] [enter_cont: 25] => User entered: {work}
[26.11.2022 23:19:20 ] [INFO] [model] [enter_cont: 30] => User added an employee: {phone_book}
[26.11.2022 23:19:22 ] [INFO] [model] [show_dict: 6] => The user has selected item number 1
[26.11.2022 23:19:22 ] [INFO] [model] [show_dict: 8] => User looked at the data of all employees
[26.11.2022 23:23:36 ] [INFO] [model] [show_dict: 6] => The user has selected item number 1
[26.11.2022 23:23:36 ] [INFO] [model] [show_dict: 8] => User looked at the data of all employees
[26.11.2022 23:25:09 ] [INFO] [model] [show_dict: 6] => The user has selected item number 1
[26.11.2022 23:25:09 ] [INFO] [model] [show_dict: 8] => User looked at the data of all employees
[26.11.2022 23:25:13 ] [INFO] [model] [enter_cont: 13] => The user has selected item number 2
[26.11.2022 23:25:14 ] [INFO] [model] [enter_cont: 15] => User entered: {id}
[26.11.2022 23:25:18 ] [INFO] [model] [enter_cont: 17] => User entered: {first_name}
[26.11.2022 23:25:21 ] [INFO] [model] [enter_cont: 19] => User entered: {last_name}
[26.11.2022 23:25:23 ] [INFO] [model] [enter_cont: 21] => User entered: {phone}
[26.11.2022 23:25:29 ] [INFO] [model] [enter_cont: 23] => User entered: {birthday}
[26.11.2022 23:25:33 ] [INFO] [model] [enter_cont: 25] => User entered: {work}
[26.11.2022 23:25:33 ] [INFO] [model] [enter_cont: 30] => User added an employee: {phone_book}
[26.11.2022 23:25:47 ] [INFO] [model] [edit_cont: 46] => The user has selected item number 4
[26.11.2022 23:34:43 ] [INFO] [model] [show_dict: 6] => The user has selected item number 1
[26.11.2022 23:34:43 ] [INFO] [model] [show_dict: 8] => User looked at the data of all employees
[26.11.2022 23:34:49 ] [INFO] [model] [edit_cont: 46] => The user has selected item number 4
[27.11.2022 00:03:34 ] [INFO] [model] [enter_cont: 13] => The user has selected item number 2
[27.11.2022 00:03:43 ] [INFO] [model] [enter_cont: 15] => User entered: {id}
[27.11.2022 00:03:46 ] [INFO] [model] [enter_cont: 17] => User entered: {first_name}
[27.11.2022 00:03:49 ] [INFO] [model] [enter_cont: 19] => User entered: {last_name}
[27.11.2022 00:03:54 ] [INFO] [model] [enter_cont: 21] => User entered: {phone}
[27.11.2022 00:04:02 ] [INFO] [model] [enter_cont: 23] => User entered: {birthday}
[27.11.2022 00:04:06 ] [INFO] [model] [enter_cont: 25] => User entered: {work}
[27.11.2022 00:04:06 ] [INFO] [model] [enter_cont: 30] => User added an employee: {phone_book}
[27.11.2022 00:04:09 ] [INFO] [model] [enter_cont: 13] => The user has selected item number 2
[27.11.2022 00:04:11 ] [INFO] [model] [enter_cont: 15] => User entered: {id}
[27.11.2022 00:04:15 ] [INFO] [model] [enter_cont: 17] => User entered: {first_name}
[27.11.2022 00:04:17 ] [INFO] [model] [enter_cont: 19] => User entered: {last_name}
[27.11.2022 00:04:21 ] [INFO] [model] [enter_cont: 21] => User entered: {phone}
[27.11.2022 00:04:29 ] [INFO] [model] [enter_cont: 23] => User entered: {birthday}
[27.11.2022 00:04:34 ] [INFO] [model] [enter_cont: 25] => User entered: {work}
[27.11.2022 00:04:34 ] [INFO] [model] [enter_cont: 30] => User added an employee: {phone_book}
[27.11.2022 00:11:10 ] [INFO] [model] [edit_cont: 46] => The user has selected item number 4
[27.11.2022 00:13:39 ] [INFO] [model] [edit_cont: 46] => The user has selected item number 4
[27.11.2022 00:14:07 ] [INFO] [model] [show_dict: 6] => The user has selected item number 1
[27.11.2022 00:14:07 ] [INFO] [model] [show_dict: 8] => User looked at the data of all employees
[27.11.2022 00:14:53 ] [INFO] [model] [edit_cont: 46] => The user has selected item number 4
[27.11.2022 00:15:03 ] [INFO] [model] [show_dict: 6] => The user has selected item number 1
[27.11.2022 00:15:03 ] [INFO] [model] [show_dict: 8] => User looked at the data of all employees
[27.11.2022 00:15:32 ] [INFO] [model] [edit_cont: 46] => The user has selected item number 4
[27.11.2022 00:15:39 ] [INFO] [model] [show_dict: 6] => The user has selected item number 1
[27.11.2022 00:15:39 ] [INFO] [model] [show_dict: 8] => User looked at the data of all employees
[27.11.2022 00:20:15 ] [INFO] [model] [edit_cont: 46] => The user has selected item number 4
[27.11.2022 00:20:32 ] [INFO] [model] [edit_cont: 46] => The user has selected item number 4
[27.11.2022 00:21:30 ] [INFO] [model] [edit_cont: 46] => The user has selected item number 4
[27.11.2022 00:23:43 ] [INFO] [model] [edit_cont: 46] => The user has selected item number 4
[27.11.2022 02:47:26 ] [INFO] [model] [edit_cont: 46] => The user has selected item number 4
[27.11.2022 20:26:13 ] [INFO] [model] [edit_cont: 47] => The user has selected item number 4
[27.11.2022 20:30:10 ] [INFO] [model] [edit_cont: 47] => The user has selected item number 4
[27.11.2022 21:11:35 ] [INFO] [model] [edit_cont: 47] => The user has selected item number 4
[27.11.2022 21:13:52 ] [INFO] [model] [edit_cont: 47] => The user has selected item number 4
[27.11.2022 21:14:14 ] [INFO] [model] [edit_cont: 47] => The user has selected item number 4
[27.11.2022 21:19:55 ] [INFO] [model] [edit_cont: 47] => The user has selected item number 4
[27.11.2022 21:21:39 ] [INFO] [model] [edit_cont: 47] => The user has selected item number 4
[27.11.2022 21:21:58 ] [INFO] [model] [edit_cont: 50] => User entered: {new_info}
